# JRE version: Java(TM) SE Runtime Environment (8.0_92-b14) (build 1.8.0_92-b14)
# Java VM: Java HotSpot(TM) 64-Bit Server VM (25.92-b14 mixed mode windows-amd64 compressed oops)
Heap:
 PSYoungGen      total 78848K, used 40410K [0x00000000d5f80000, 0x00000000dda00000, 0x0000000100000000)
  eden space 66560K, 42% used [0x00000000d5f80000,0x00000000d7af8e78,0x00000000da080000)
  from space 12288K, 99% used [0x00000000dce00000,0x00000000dd9fdb58,0x00000000dda00000)
  to   space 5120K, 0% used [0x00000000da080000,0x00000000da080000,0x00000000da580000)
 ParOldGen       total 68608K, used 24975K [0x0000000081e00000, 0x0000000086100000, 0x00000000d5f80000)
  object space 68608K, 36% used [0x0000000081e00000,0x0000000083663d10,0x0000000086100000)
 Metaspace       used 23777K, capacity 24296K, committed 24496K, reserved 1071104K
  class space    used 2777K, capacity 2901K, committed 2992K, reserved 1048576K
GC Heap History (10 events):
Event: 3.750 GC heap before
{Heap before GC invocations=5 (full 0):
 PSYoungGen      total 71680K, used 71656K [0x00000000d5f80000, 0x00000000daa80000, 0x0000000100000000)
  eden space 66560K, 100% used [0x00000000d5f80000,0x00000000da080000,0x00000000da080000)
  from space 5120K, 99% used [0x00000000da580000,0x00000000daa7a020,0x00000000daa80000)
  to   space 5120K, 0% used [0x00000000da080000,0x00000000da080000,0x00000000da580000)
 ParOldGen       total 87552K, used 8591K [0x0000000081e00000, 0x0000000087380000, 0x00000000d5f80000)
  object space 87552K, 9% used [0x0000000081e00000,0x0000000082663fe8,0x0000000087380000)
 Metaspace       used 17550K, capacity 18092K, committed 18432K, reserved 1064960K
  class space    used 2051K, capacity 2198K, committed 2304K, reserved 1048576K
Event: 3.761 GC heap after
Heap after GC invocations=5 (full 0):
 PSYoungGen      total 71680K, used 5112K [0x00000000d5f80000, 0x00000000daa80000, 0x0000000100000000)
  eden space 66560K, 0% used [0x00000000d5f80000,0x00000000d5f80000,0x00000000da080000)
  from space 5120K, 99% used [0x00000000da080000,0x00000000da57e030,0x00000000da580000)
  to   space 5120K, 0% used [0x00000000da580000,0x00000000da580000,0x00000000daa80000)
 ParOldGen       total 87552K, used 13110K [0x0000000081e00000, 0x0000000087380000, 0x00000000d5f80000)
  object space 87552K, 14% used [0x0000000081e00000,0x0000000082acda90,0x0000000087380000)
 Metaspace       used 17550K, capacity 18092K, committed 18432K, reserved 1064960K
  class space    used 2051K, capacity 2198K, committed 2304K, reserved 1048576K
}
Event: 4.073 GC heap before
{Heap before GC invocations=6 (full 0):
 PSYoungGen      total 71680K, used 29088K [0x00000000d5f80000, 0x00000000daa80000, 0x0000000100000000)
  eden space 66560K, 36% used [0x00000000d5f80000,0x00000000d76ea0c0,0x00000000da080000)
  from space 5120K, 99% used [0x00000000da080000,0x00000000da57e030,0x00000000da580000)
  to   space 5120K, 0% used [0x00000000da580000,0x00000000da580000,0x00000000daa80000)
 ParOldGen       total 87552K, used 13110K [0x0000000081e00000, 0x0000000087380000, 0x00000000d5f80000)
  object space 87552K, 14% used [0x0000000081e00000,0x0000000082acda90,0x0000000087380000)
 Metaspace       used 20757K, capacity 21252K, committed 21296K, reserved 1069056K
  class space    used 2454K, capacity 2590K, committed 2608K, reserved 1048576K
Event: 4.086 GC heap after
Heap after GC invocations=6 (full 0):
 PSYoungGen      total 71680K, used 5112K [0x00000000d5f80000, 0x00000000daa80000, 0x0000000100000000)
  eden space 66560K, 0% used [0x00000000d5f80000,0x00000000d5f80000,0x00000000da080000)
  from space 5120K, 99% used [0x00000000da580000,0x00000000daa7e030,0x00000000daa80000)
  to   space 5120K, 0% used [0x00000000da080000,0x00000000da080000,0x00000000da580000)
 ParOldGen       total 87552K, used 16457K [0x0000000081e00000, 0x0000000087380000, 0x00000000d5f80000)
  object space 87552K, 18% used [0x0000000081e00000,0x0000000082e12708,0x0000000087380000)
 Metaspace       used 20757K, capacity 21252K, committed 21296K, reserved 1069056K
  class space    used 2454K, capacity 2590K, committed 2608K, reserved 1048576K
}
Event: 4.086 GC heap before
{Heap before GC invocations=7 (full 1):
 PSYoungGen      total 71680K, used 5112K [0x00000000d5f80000, 0x00000000daa80000, 0x0000000100000000)
  eden space 66560K, 0% used [0x00000000d5f80000,0x00000000d5f80000,0x00000000da080000)
  from space 5120K, 99% used [0x00000000da580000,0x00000000daa7e030,0x00000000daa80000)
  to   space 5120K, 0% used [0x00000000da080000,0x00000000da080000,0x00000000da580000)
 ParOldGen       total 87552K, used 16457K [0x0000000081e00000, 0x0000000087380000, 0x00000000d5f80000)
  object space 87552K, 18% used [0x0000000081e00000,0x0000000082e12708,0x0000000087380000)
 Metaspace       used 20757K, capacity 21252K, committed 21296K, reserved 1069056K
  class space    used 2454K, capacity 2590K, committed 2608K, reserved 1048576K
Event: 4.165 GC heap after
Heap after GC invocations=7 (full 1):
 PSYoungGen      total 71680K, used 0K [0x00000000d5f80000, 0x00000000daa80000, 0x0000000100000000)
  eden space 66560K, 0% used [0x00000000d5f80000,0x00000000d5f80000,0x00000000da080000)
  from space 5120K, 0% used [0x00000000da580000,0x00000000da580000,0x00000000daa80000)
  to   space 5120K, 0% used [0x00000000da080000,0x00000000da080000,0x00000000da580000)
 ParOldGen       total 68608K, used 14235K [0x0000000081e00000, 0x0000000086100000, 0x00000000d5f80000)
  object space 68608K, 20% used [0x0000000081e00000,0x0000000082be6f88,0x0000000086100000)
 Metaspace       used 20757K, capacity 21252K, committed 21296K, reserved 1069056K
  class space    used 2454K, capacity 2590K, committed 2608K, reserved 1048576K
}
Event: 4.704 GC heap before
{Heap before GC invocations=8 (full 1):
 PSYoungGen      total 71680K, used 66560K [0x00000000d5f80000, 0x00000000daa80000, 0x0000000100000000)
  eden space 66560K, 100% used [0x00000000d5f80000,0x00000000da080000,0x00000000da080000)
  from space 5120K, 0% used [0x00000000da580000,0x00000000da580000,0x00000000daa80000)
  to   space 5120K, 0% used [0x00000000da080000,0x00000000da080000,0x00000000da580000)
 ParOldGen       total 68608K, used 14235K [0x0000000081e00000, 0x0000000086100000, 0x00000000d5f80000)
  object space 68608K, 20% used [0x0000000081e00000,0x0000000082be6f88,0x0000000086100000)
 Metaspace       used 23760K, capacity 24296K, committed 24496K, reserved 1071104K
  class space    used 2777K, capacity 2901K, committed 2992K, reserved 1048576K
Event: 4.714 GC heap after
Heap after GC invocations=8 (full 1):
 PSYoungGen      total 71680K, used 5092K [0x00000000d5f80000, 0x00000000dda00000, 0x0000000100000000)
  eden space 66560K, 0% used [0x00000000d5f80000,0x00000000d5f80000,0x00000000da080000)
  from space 5120K, 99% used [0x00000000da080000,0x00000000da579000,0x00000000da580000)
  to   space 12288K, 0% used [0x00000000dce00000,0x00000000dce00000,0x00000000dda00000)
 ParOldGen       total 68608K, used 21014K [0x0000000081e00000, 0x0000000086100000, 0x00000000d5f80000)
  object space 68608K, 30% used [0x0000000081e00000,0x0000000083285830,0x0000000086100000)
 Metaspace       used 23760K, capacity 24296K, committed 24496K, reserved 1071104K
  class space    used 2777K, capacity 2901K, committed 2992K, reserved 1048576K
}
Event: 4.921 GC heap before
{Heap before GC invocations=9 (full 1):
 PSYoungGen      total 71680K, used 71652K [0x00000000d5f80000, 0x00000000dda00000, 0x0000000100000000)
  eden space 66560K, 100% used [0x00000000d5f80000,0x00000000da080000,0x00000000da080000)
  from space 5120K, 99% used [0x00000000da080000,0x00000000da579000,0x00000000da580000)
  to   space 12288K, 0% used [0x00000000dce00000,0x00000000dce00000,0x00000000dda00000)
 ParOldGen       total 68608K, used 21014K [0x0000000081e00000, 0x0000000086100000, 0x00000000d5f80000)
  object space 68608K, 30% used [0x0000000081e00000,0x0000000083285830,0x0000000086100000)
 Metaspace       used 23776K, capacity 24296K, committed 24496K, reserved 1071104K
  class space    used 2777K, capacity 2901K, committed 2992K, reserved 1048576K
Event: 4.934 GC heap after
Heap after GC invocations=9 (full 1):
 PSYoungGen      total 78848K, used 12278K [0x00000000d5f80000, 0x00000000dda00000, 0x0000000100000000)
  eden space 66560K, 0% used [0x00000000d5f80000,0x00000000d5f80000,0x00000000da080000)
  from space 12288K, 99% used [0x00000000dce00000,0x00000000dd9fdb58,0x00000000dda00000)
  to   space 5120K, 0% used [0x00000000da080000,0x00000000da080000,0x00000000da580000)
 ParOldGen       total 68608K, used 24975K [0x0000000081e00000, 0x0000000086100000, 0x00000000d5f80000)
  object space 68608K, 36% used [0x0000000081e00000,0x0000000083663d10,0x0000000086100000)
 Metaspace       used 23776K, capacity 24296K, committed 24496K, reserved 1071104K
  class space    used 2777K, capacity 2901K, committed 2992K, reserved 1048576K
}

