# JRE version: Java(TM) SE Runtime Environment (8.0_92-b14) (build 1.8.0_92-b14)
# Java VM: Java HotSpot(TM) 64-Bit Server VM (25.92-b14 mixed mode windows-amd64 compressed oops)
Heap:
 PSYoungGen      total 283136K, used 111645K [0x00000000d5f80000, 0x00000000eb280000, 0x0000000100000000)
  eden space 250368K, 44% used [0x00000000d5f80000,0x00000000dcc87650,0x00000000e5400000)
  from space 32768K, 0% used [0x00000000e7c80000,0x00000000e7c80000,0x00000000e9c80000)
  to   space 41472K, 0% used [0x00000000e5400000,0x00000000e5400000,0x00000000e7c80000)
 ParOldGen       total 141824K, used 53477K [0x0000000081e00000, 0x000000008a880000, 0x00000000d5f80000)
  object space 141824K, 37% used [0x0000000081e00000,0x0000000085239530,0x000000008a880000)
 Metaspace       used 28564K, capacity 29274K, committed 29488K, reserved 1075200K
  class space    used 3406K, capacity 3621K, committed 3632K, reserved 1048576K
GC Heap History (10 events):
Event: 4.988 GC heap before
{Heap before GC invocations=8 (full 1):
 PSYoungGen      total 143872K, used 133120K [0x00000000d5f80000, 0x00000000df680000, 0x0000000100000000)
  eden space 133120K, 100% used [0x00000000d5f80000,0x00000000de180000,0x00000000de180000)
  from space 10752K, 0% used [0x00000000dec00000,0x00000000dec00000,0x00000000df680000)
  to   space 10752K, 0% used [0x00000000de180000,0x00000000de180000,0x00000000dec00000)
 ParOldGen       total 70144K, used 14143K [0x0000000081e00000, 0x0000000086280000, 0x00000000d5f80000)
  object space 70144K, 20% used [0x0000000081e00000,0x0000000082bcff08,0x0000000086280000)
 Metaspace       used 23788K, capacity 24300K, committed 24496K, reserved 1071104K
  class space    used 2776K, capacity 2901K, committed 2992K, reserved 1048576K
Event: 5.004 GC heap after
Heap after GC invocations=8 (full 1):
 PSYoungGen      total 143872K, used 10727K [0x00000000d5f80000, 0x00000000e3f80000, 0x0000000100000000)
  eden space 133120K, 0% used [0x00000000d5f80000,0x00000000d5f80000,0x00000000de180000)
  from space 10752K, 99% used [0x00000000de180000,0x00000000debf9d90,0x00000000dec00000)
  to   space 16384K, 0% used [0x00000000e2f80000,0x00000000e2f80000,0x00000000e3f80000)
 ParOldGen       total 70144K, used 23940K [0x0000000081e00000, 0x0000000086280000, 0x00000000d5f80000)
  object space 70144K, 34% used [0x0000000081e00000,0x00000000835613e0,0x0000000086280000)
 Metaspace       used 23788K, capacity 24300K, committed 24496K, reserved 1071104K
  class space    used 2776K, capacity 2901K, committed 2992K, reserved 1048576K
}
Event: 5.414 GC heap before
{Heap before GC invocations=9 (full 1):
 PSYoungGen      total 143872K, used 143847K [0x00000000d5f80000, 0x00000000e3f80000, 0x0000000100000000)
  eden space 133120K, 100% used [0x00000000d5f80000,0x00000000de180000,0x00000000de180000)
  from space 10752K, 99% used [0x00000000de180000,0x00000000debf9d90,0x00000000dec00000)
  to   space 16384K, 0% used [0x00000000e2f80000,0x00000000e2f80000,0x00000000e3f80000)
 ParOldGen       total 70144K, used 23940K [0x0000000081e00000, 0x0000000086280000, 0x00000000d5f80000)
  object space 70144K, 34% used [0x0000000081e00000,0x00000000835613e0,0x0000000086280000)
 Metaspace       used 23791K, capacity 24300K, committed 24496K, reserved 1071104K
  class space    used 2776K, capacity 2901K, committed 2992K, reserved 1048576K
Event: 5.441 GC heap after
Heap after GC invocations=9 (full 1):
 PSYoungGen      total 206336K, used 16363K [0x00000000d5f80000, 0x00000000e5880000, 0x0000000100000000)
  eden space 189952K, 0% used [0x00000000d5f80000,0x00000000d5f80000,0x00000000e1900000)
  from space 16384K, 99% used [0x00000000e2f80000,0x00000000e3f7af20,0x00000000e3f80000)
  to   space 23040K, 0% used [0x00000000e1900000,0x00000000e1900000,0x00000000e2f80000)
 ParOldGen       total 70144K, used 34194K [0x0000000081e00000, 0x0000000086280000, 0x00000000d5f80000)
  object space 70144K, 48% used [0x0000000081e00000,0x0000000083f64bd8,0x0000000086280000)
 Metaspace       used 23791K, capacity 24300K, committed 24496K, reserved 1071104K
  class space    used 2776K, capacity 2901K, committed 2992K, reserved 1048576K
}
Event: 6.050 GC heap before
{Heap before GC invocations=10 (full 1):
 PSYoungGen      total 206336K, used 206315K [0x00000000d5f80000, 0x00000000e5880000, 0x0000000100000000)
  eden space 189952K, 100% used [0x00000000d5f80000,0x00000000e1900000,0x00000000e1900000)
  from space 16384K, 99% used [0x00000000e2f80000,0x00000000e3f7af20,0x00000000e3f80000)
  to   space 23040K, 0% used [0x00000000e1900000,0x00000000e1900000,0x00000000e2f80000)
 ParOldGen       total 70144K, used 34194K [0x0000000081e00000, 0x0000000086280000, 0x00000000d5f80000)
  object space 70144K, 48% used [0x0000000081e00000,0x0000000083f64bd8,0x0000000086280000)
 Metaspace       used 23796K, capacity 24300K, committed 24496K, reserved 1071104K
  class space    used 2776K, capacity 2901K, committed 2992K, reserved 1048576K
Event: 6.084 GC heap after
Heap after GC invocations=10 (full 1):
 PSYoungGen      total 212992K, used 23015K [0x00000000d5f80000, 0x00000000e9c80000, 0x0000000100000000)
  eden space 189952K, 0% used [0x00000000d5f80000,0x00000000d5f80000,0x00000000e1900000)
  from space 23040K, 99% used [0x00000000e1900000,0x00000000e2f79d98,0x00000000e2f80000)
  to   space 32768K, 0% used [0x00000000e7c80000,0x00000000e7c80000,0x00000000e9c80000)
 ParOldGen       total 70144K, used 49211K [0x0000000081e00000, 0x0000000086280000, 0x00000000d5f80000)
  object space 70144K, 70% used [0x0000000081e00000,0x0000000084e0edf0,0x0000000086280000)
 Metaspace       used 23796K, capacity 24300K, committed 24496K, reserved 1071104K
  class space    used 2776K, capacity 2901K, committed 2992K, reserved 1048576K
}
Event: 6.642 GC heap before
{Heap before GC invocations=11 (full 1):
 PSYoungGen      total 212992K, used 212967K [0x00000000d5f80000, 0x00000000e9c80000, 0x0000000100000000)
  eden space 189952K, 100% used [0x00000000d5f80000,0x00000000e1900000,0x00000000e1900000)
  from space 23040K, 99% used [0x00000000e1900000,0x00000000e2f79d98,0x00000000e2f80000)
  to   space 32768K, 0% used [0x00000000e7c80000,0x00000000e7c80000,0x00000000e9c80000)
 ParOldGen       total 70144K, used 49211K [0x0000000081e00000, 0x0000000086280000, 0x00000000d5f80000)
  object space 70144K, 70% used [0x0000000081e00000,0x0000000084e0edf0,0x0000000086280000)
 Metaspace       used 23816K, capacity 24406K, committed 24496K, reserved 1071104K
  class space    used 2780K, capacity 2935K, committed 2992K, reserved 1048576K
Event: 6.683 GC heap after
Heap after GC invocations=11 (full 1):
 PSYoungGen      total 283136K, used 32766K [0x00000000d5f80000, 0x00000000eb280000, 0x0000000100000000)
  eden space 250368K, 0% used [0x00000000d5f80000,0x00000000d5f80000,0x00000000e5400000)
  from space 32768K, 99% used [0x00000000e7c80000,0x00000000e9c7fb90,0x00000000e9c80000)
  to   space 41472K, 0% used [0x00000000e5400000,0x00000000e5400000,0x00000000e7c80000)
 ParOldGen       total 70144K, used 59462K [0x0000000081e00000, 0x0000000086280000, 0x00000000d5f80000)
  object space 70144K, 84% used [0x0000000081e00000,0x00000000858118a0,0x0000000086280000)
 Metaspace       used 23816K, capacity 24406K, committed 24496K, reserved 1071104K
  class space    used 2780K, capacity 2935K, committed 2992K, reserved 1048576K
}
Event: 6.683 GC heap before
{Heap before GC invocations=12 (full 2):
 PSYoungGen      total 283136K, used 32766K [0x00000000d5f80000, 0x00000000eb280000, 0x0000000100000000)
  eden space 250368K, 0% used [0x00000000d5f80000,0x00000000d5f80000,0x00000000e5400000)
  from space 32768K, 99% used [0x00000000e7c80000,0x00000000e9c7fb90,0x00000000e9c80000)
  to   space 41472K, 0% used [0x00000000e5400000,0x00000000e5400000,0x00000000e7c80000)
 ParOldGen       total 70144K, used 59462K [0x0000000081e00000, 0x0000000086280000, 0x00000000d5f80000)
  object space 70144K, 84% used [0x0000000081e00000,0x00000000858118a0,0x0000000086280000)
 Metaspace       used 23816K, capacity 24406K, committed 24496K, reserved 1071104K
  class space    used 2780K, capacity 2935K, committed 2992K, reserved 1048576K
Event: 6.801 GC heap after
Heap after GC invocations=12 (full 2):
 PSYoungGen      total 283136K, used 0K [0x00000000d5f80000, 0x00000000eb280000, 0x0000000100000000)
  eden space 250368K, 0% used [0x00000000d5f80000,0x00000000d5f80000,0x00000000e5400000)
  from space 32768K, 0% used [0x00000000e7c80000,0x00000000e7c80000,0x00000000e9c80000)
  to   space 41472K, 0% used [0x00000000e5400000,0x00000000e5400000,0x00000000e7c80000)
 ParOldGen       total 141824K, used 53477K [0x0000000081e00000, 0x000000008a880000, 0x00000000d5f80000)
  object space 141824K, 37% used [0x0000000081e00000,0x0000000085239530,0x000000008a880000)
 Metaspace       used 23816K, capacity 24406K, committed 24496K, reserved 1071104K
  class space    used 2780K, capacity 2935K, committed 2992K, reserved 1048576K
}

