# JRE version: Java(TM) SE Runtime Environment (8.0_92-b14) (build 1.8.0_92-b14)
# Java VM: Java HotSpot(TM) 64-Bit Server VM (25.92-b14 mixed mode windows-amd64 compressed oops)
Heap:
 PSYoungGen      total 203776K, used 188571K [0x00000000d5f80000, 0x00000000e5080000, 0x0000000100000000)
  eden space 186880K, 91% used [0x00000000d5f80000,0x00000000e072e448,0x00000000e1600000)
  from space 16896K, 99% used [0x00000000e2d00000,0x00000000e3d78900,0x00000000e3d80000)
  to   space 23552K, 0% used [0x00000000e1600000,0x00000000e1600000,0x00000000e2d00000)
 ParOldGen       total 72704K, used 35227K [0x0000000081e00000, 0x0000000086500000, 0x00000000d5f80000)
  object space 72704K, 48% used [0x0000000081e00000,0x0000000084066fc8,0x0000000086500000)
 Metaspace       used 23802K, capacity 24344K, committed 24496K, reserved 1071104K
  class space    used 2780K, capacity 2935K, committed 2992K, reserved 1048576K
GC Heap History (10 events):
Event: 3.690 GC heap before
{Heap before GC invocations=5 (full 0):
 PSYoungGen      total 71680K, used 71672K [0x00000000d5f80000, 0x00000000daa80000, 0x0000000100000000)
  eden space 66560K, 100% used [0x00000000d5f80000,0x00000000da080000,0x00000000da080000)
  from space 5120K, 99% used [0x00000000da580000,0x00000000daa7e010,0x00000000daa80000)
  to   space 5120K, 0% used [0x00000000da080000,0x00000000da080000,0x00000000da580000)
 ParOldGen       total 87552K, used 8841K [0x0000000081e00000, 0x0000000087380000, 0x00000000d5f80000)
  object space 87552K, 10% used [0x0000000081e00000,0x00000000826a2648,0x0000000087380000)
 Metaspace       used 17426K, capacity 17932K, committed 18048K, reserved 1064960K
  class space    used 2033K, capacity 2160K, committed 2176K, reserved 1048576K
Event: 3.703 GC heap after
Heap after GC invocations=5 (full 0):
 PSYoungGen      total 71680K, used 5112K [0x00000000d5f80000, 0x00000000df580000, 0x0000000100000000)
  eden space 66560K, 0% used [0x00000000d5f80000,0x00000000d5f80000,0x00000000da080000)
  from space 5120K, 99% used [0x00000000da080000,0x00000000da57e030,0x00000000da580000)
  to   space 10240K, 0% used [0x00000000deb80000,0x00000000deb80000,0x00000000df580000)
 ParOldGen       total 87552K, used 13184K [0x0000000081e00000, 0x0000000087380000, 0x00000000d5f80000)
  object space 87552K, 15% used [0x0000000081e00000,0x0000000082ae01a0,0x0000000087380000)
 Metaspace       used 17426K, capacity 17932K, committed 18048K, reserved 1064960K
  class space    used 2033K, capacity 2160K, committed 2176K, reserved 1048576K
}
Event: 4.095 GC heap before
{Heap before GC invocations=6 (full 0):
 PSYoungGen      total 71680K, used 36941K [0x00000000d5f80000, 0x00000000df580000, 0x0000000100000000)
  eden space 66560K, 47% used [0x00000000d5f80000,0x00000000d7e95570,0x00000000da080000)
  from space 5120K, 99% used [0x00000000da080000,0x00000000da57e030,0x00000000da580000)
  to   space 10240K, 0% used [0x00000000deb80000,0x00000000deb80000,0x00000000df580000)
 ParOldGen       total 87552K, used 13184K [0x0000000081e00000, 0x0000000087380000, 0x00000000d5f80000)
  object space 87552K, 15% used [0x0000000081e00000,0x0000000082ae01a0,0x0000000087380000)
 Metaspace       used 20753K, capacity 21264K, committed 21296K, reserved 1069056K
  class space    used 2455K, capacity 2592K, committed 2608K, reserved 1048576K
Event: 4.112 GC heap after
Heap after GC invocations=6 (full 0):
 PSYoungGen      total 142848K, used 9195K [0x00000000d5f80000, 0x00000000df680000, 0x0000000100000000)
  eden space 132608K, 0% used [0x00000000d5f80000,0x00000000d5f80000,0x00000000de100000)
  from space 10240K, 89% used [0x00000000deb80000,0x00000000df47ade0,0x00000000df580000)
  to   space 10752K, 0% used [0x00000000de100000,0x00000000de100000,0x00000000deb80000)
 ParOldGen       total 87552K, used 13192K [0x0000000081e00000, 0x0000000087380000, 0x00000000d5f80000)
  object space 87552K, 15% used [0x0000000081e00000,0x0000000082ae21a0,0x0000000087380000)
 Metaspace       used 20753K, capacity 21264K, committed 21296K, reserved 1069056K
  class space    used 2455K, capacity 2592K, committed 2608K, reserved 1048576K
}
Event: 4.112 GC heap before
{Heap before GC invocations=7 (full 1):
 PSYoungGen      total 142848K, used 9195K [0x00000000d5f80000, 0x00000000df680000, 0x0000000100000000)
  eden space 132608K, 0% used [0x00000000d5f80000,0x00000000d5f80000,0x00000000de100000)
  from space 10240K, 89% used [0x00000000deb80000,0x00000000df47ade0,0x00000000df580000)
  to   space 10752K, 0% used [0x00000000de100000,0x00000000de100000,0x00000000deb80000)
 ParOldGen       total 87552K, used 13192K [0x0000000081e00000, 0x0000000087380000, 0x00000000d5f80000)
  object space 87552K, 15% used [0x0000000081e00000,0x0000000082ae21a0,0x0000000087380000)
 Metaspace       used 20753K, capacity 21264K, committed 21296K, reserved 1069056K
  class space    used 2455K, capacity 2592K, committed 2608K, reserved 1048576K
Event: 4.217 GC heap after
Heap after GC invocations=7 (full 1):
 PSYoungGen      total 142848K, used 0K [0x00000000d5f80000, 0x00000000df680000, 0x0000000100000000)
  eden space 132608K, 0% used [0x00000000d5f80000,0x00000000d5f80000,0x00000000de100000)
  from space 10240K, 0% used [0x00000000deb80000,0x00000000deb80000,0x00000000df580000)
  to   space 10752K, 0% used [0x00000000de100000,0x00000000de100000,0x00000000deb80000)
 ParOldGen       total 72704K, used 15365K [0x0000000081e00000, 0x0000000086500000, 0x00000000d5f80000)
  object space 72704K, 21% used [0x0000000081e00000,0x0000000082d01720,0x0000000086500000)
 Metaspace       used 20753K, capacity 21264K, committed 21296K, reserved 1069056K
  class space    used 2455K, capacity 2592K, committed 2608K, reserved 1048576K
}
Event: 5.039 GC heap before
{Heap before GC invocations=8 (full 1):
 PSYoungGen      total 142848K, used 132608K [0x00000000d5f80000, 0x00000000df680000, 0x0000000100000000)
  eden space 132608K, 100% used [0x00000000d5f80000,0x00000000de100000,0x00000000de100000)
  from space 10240K, 0% used [0x00000000deb80000,0x00000000deb80000,0x00000000df580000)
  to   space 10752K, 0% used [0x00000000de100000,0x00000000de100000,0x00000000deb80000)
 ParOldGen       total 72704K, used 15365K [0x0000000081e00000, 0x0000000086500000, 0x00000000d5f80000)
  object space 72704K, 21% used [0x0000000081e00000,0x0000000082d01720,0x0000000086500000)
 Metaspace       used 23792K, capacity 24344K, committed 24496K, reserved 1071104K
  class space    used 2780K, capacity 2935K, committed 2992K, reserved 1048576K
Event: 5.060 GC heap after
Heap after GC invocations=8 (full 1):
 PSYoungGen      total 143360K, used 10726K [0x00000000d5f80000, 0x00000000e3d80000, 0x0000000100000000)
  eden space 132608K, 0% used [0x00000000d5f80000,0x00000000d5f80000,0x00000000de100000)
  from space 10752K, 99% used [0x00000000de100000,0x00000000deb79be8,0x00000000deb80000)
  to   space 16896K, 0% used [0x00000000e2d00000,0x00000000e2d00000,0x00000000e3d80000)
 ParOldGen       total 72704K, used 24994K [0x0000000081e00000, 0x0000000086500000, 0x00000000d5f80000)
  object space 72704K, 34% used [0x0000000081e00000,0x0000000083668880,0x0000000086500000)
 Metaspace       used 23792K, capacity 24344K, committed 24496K, reserved 1071104K
  class space    used 2780K, capacity 2935K, committed 2992K, reserved 1048576K
}
Event: 5.606 GC heap before
{Heap before GC invocations=9 (full 1):
 PSYoungGen      total 143360K, used 143334K [0x00000000d5f80000, 0x00000000e3d80000, 0x0000000100000000)
  eden space 132608K, 100% used [0x00000000d5f80000,0x00000000de100000,0x00000000de100000)
  from space 10752K, 99% used [0x00000000de100000,0x00000000deb79be8,0x00000000deb80000)
  to   space 16896K, 0% used [0x00000000e2d00000,0x00000000e2d00000,0x00000000e3d80000)
 ParOldGen       total 72704K, used 24994K [0x0000000081e00000, 0x0000000086500000, 0x00000000d5f80000)
  object space 72704K, 34% used [0x0000000081e00000,0x0000000083668880,0x0000000086500000)
 Metaspace       used 23799K, capacity 24344K, committed 24496K, reserved 1071104K
  class space    used 2780K, capacity 2935K, committed 2992K, reserved 1048576K
Event: 5.627 GC heap after
Heap after GC invocations=9 (full 1):
 PSYoungGen      total 203776K, used 16866K [0x00000000d5f80000, 0x00000000e5080000, 0x0000000100000000)
  eden space 186880K, 0% used [0x00000000d5f80000,0x00000000d5f80000,0x00000000e1600000)
  from space 16896K, 99% used [0x00000000e2d00000,0x00000000e3d78900,0x00000000e3d80000)
  to   space 23552K, 0% used [0x00000000e1600000,0x00000000e1600000,0x00000000e2d00000)
 ParOldGen       total 72704K, used 35227K [0x0000000081e00000, 0x0000000086500000, 0x00000000d5f80000)
  object space 72704K, 48% used [0x0000000081e00000,0x0000000084066fc8,0x0000000086500000)
 Metaspace       used 23799K, capacity 24344K, committed 24496K, reserved 1071104K
  class space    used 2780K, capacity 2935K, committed 2992K, reserved 1048576K
}

